# JRE version: OpenJDK Runtime Environment Temurin-17.0.8.1+1 (17.0.8.1+1) (build 17.0.8.1+1)
# Java VM: OpenJDK 64-Bit Server VM Temurin-17.0.8.1+1 (17.0.8.1+1, mixed mode, tiered, compressed oops, compressed class ptrs, g1 gc, windows-amd64)
GC Precious Log:
 CPUs: 8 total, 8 available
 Memory: 15733M
 Large Page Support: Disabled
 NUMA Support: Disabled
 Compressed Oops: Enabled (Zero based)
 Heap Region Size: 2M
 Heap Min Capacity: 8M
 Heap Initial Capacity: 246M
 Heap Max Capacity: 3934M
 Pre-touch: Disabled
 Parallel Workers: 8
 Concurrent Workers: 2
 Concurrent Refinement Workers: 8
 Periodic GC: Disabled
Heap:
 garbage-first heap   total 245760K, used 155126K [0x000000070a200000, 0x0000000800000000)
  region size 2048K, 38 young (77824K), 5 survivors (10240K)
 Metaspace       used 74197K, committed 74816K, reserved 1179648K
  class space    used 8126K, committed 8384K, reserved 1048576K
GC Heap History (20 events):
Event: 23.827 GC heap before
{Heap before GC invocations=18 (full 0):
 garbage-first heap   total 100352K, used 76083K [0x000000070a200000, 0x0000000800000000)
  region size 2048K, 17 young (34816K), 3 survivors (6144K)
 Metaspace       used 59718K, committed 60224K, reserved 1114112K
  class space    used 6825K, committed 7040K, reserved 1048576K
}
Event: 23.833 GC heap after
{Heap after GC invocations=19 (full 0):
 garbage-first heap   total 122880K, used 54342K [0x000000070a200000, 0x0000000800000000)
  region size 2048K, 3 young (6144K), 3 survivors (6144K)
 Metaspace       used 59718K, committed 60224K, reserved 1114112K
  class space    used 6825K, committed 7040K, reserved 1048576K
}
Event: 23.912 GC heap before
{Heap before GC invocations=19 (full 0):
 garbage-first heap   total 122880K, used 54342K [0x000000070a200000, 0x0000000800000000)
  region size 2048K, 4 young (8192K), 3 survivors (6144K)
 Metaspace       used 59968K, committed 60480K, reserved 1114112K
  class space    used 6855K, committed 7104K, reserved 1048576K
}
Event: 23.916 GC heap after
{Heap after GC invocations=20 (full 0):
 garbage-first heap   total 122880K, used 54352K [0x000000070a200000, 0x0000000800000000)
  region size 2048K, 1 young (2048K), 1 survivors (2048K)
 Metaspace       used 59968K, committed 60480K, reserved 1114112K
  class space    used 6855K, committed 7104K, reserved 1048576K
}
Event: 24.288 GC heap before
{Heap before GC invocations=21 (full 0):
 garbage-first heap   total 122880K, used 93264K [0x000000070a200000, 0x0000000800000000)
  region size 2048K, 21 young (43008K), 1 survivors (2048K)
 Metaspace       used 62911K, committed 63424K, reserved 1114112K
  class space    used 7166K, committed 7424K, reserved 1048576K
}
Event: 24.296 GC heap after
{Heap after GC invocations=22 (full 0):
 garbage-first heap   total 122880K, used 60416K [0x000000070a200000, 0x0000000800000000)
  region size 2048K, 3 young (6144K), 3 survivors (6144K)
 Metaspace       used 62911K, committed 63424K, reserved 1114112K
  class space    used 7166K, committed 7424K, reserved 1048576K
}
Event: 25.141 GC heap before
{Heap before GC invocations=22 (full 0):
 garbage-first heap   total 122880K, used 93184K [0x000000070a200000, 0x0000000800000000)
  region size 2048K, 20 young (40960K), 3 survivors (6144K)
 Metaspace       used 68154K, committed 68736K, reserved 1114112K
  class space    used 7589K, committed 7808K, reserved 1048576K
}
Event: 25.151 GC heap after
{Heap after GC invocations=23 (full 0):
 garbage-first heap   total 122880K, used 64294K [0x000000070a200000, 0x0000000800000000)
  region size 2048K, 3 young (6144K), 3 survivors (6144K)
 Metaspace       used 68154K, committed 68736K, reserved 1114112K
  class space    used 7589K, committed 7808K, reserved 1048576K
}
Event: 25.490 GC heap before
{Heap before GC invocations=23 (full 0):
 garbage-first heap   total 122880K, used 95014K [0x000000070a200000, 0x0000000800000000)
  region size 2048K, 18 young (36864K), 3 survivors (6144K)
 Metaspace       used 69205K, committed 69824K, reserved 1114112K
  class space    used 7666K, committed 7936K, reserved 1048576K
}
Event: 25.497 GC heap after
{Heap after GC invocations=24 (full 0):
 garbage-first heap   total 122880K, used 66698K [0x000000070a200000, 0x0000000800000000)
  region size 2048K, 2 young (4096K), 2 survivors (4096K)
 Metaspace       used 69205K, committed 69824K, reserved 1114112K
  class space    used 7666K, committed 7936K, reserved 1048576K
}
Event: 38.944 GC heap before
{Heap before GC invocations=25 (full 0):
 garbage-first heap   total 122880K, used 76938K [0x000000070a200000, 0x0000000800000000)
  region size 2048K, 8 young (16384K), 2 survivors (4096K)
 Metaspace       used 70649K, committed 71232K, reserved 1114112K
  class space    used 7748K, committed 8000K, reserved 1048576K
}
Event: 38.948 GC heap after
{Heap after GC invocations=26 (full 0):
 garbage-first heap   total 122880K, used 69777K [0x000000070a200000, 0x0000000800000000)
  region size 2048K, 2 young (4096K), 2 survivors (4096K)
 Metaspace       used 70649K, committed 71232K, reserved 1114112K
  class space    used 7748K, committed 8000K, reserved 1048576K
}
Event: 46.722 GC heap before
{Heap before GC invocations=27 (full 0):
 garbage-first heap   total 133120K, used 104593K [0x000000070a200000, 0x0000000800000000)
  region size 2048K, 14 young (28672K), 2 survivors (4096K)
 Metaspace       used 71236K, committed 71872K, reserved 1114112K
  class space    used 7771K, committed 8064K, reserved 1048576K
}
Event: 46.725 GC heap after
{Heap after GC invocations=28 (full 0):
 garbage-first heap   total 133120K, used 83275K [0x000000070a200000, 0x0000000800000000)
  region size 2048K, 1 young (2048K), 1 survivors (2048K)
 Metaspace       used 71236K, committed 71872K, reserved 1114112K
  class space    used 7771K, committed 8064K, reserved 1048576K
}
Event: 46.732 GC heap before
{Heap before GC invocations=28 (full 0):
 garbage-first heap   total 133120K, used 87371K [0x000000070a200000, 0x0000000800000000)
  region size 2048K, 3 young (6144K), 1 survivors (2048K)
 Metaspace       used 71242K, committed 71872K, reserved 1114112K
  class space    used 7771K, committed 8064K, reserved 1048576K
}
Event: 46.735 GC heap after
{Heap after GC invocations=29 (full 0):
 garbage-first heap   total 133120K, used 81815K [0x000000070a200000, 0x0000000800000000)
  region size 2048K, 1 young (2048K), 1 survivors (2048K)
 Metaspace       used 71242K, committed 71872K, reserved 1114112K
  class space    used 7771K, committed 8064K, reserved 1048576K
}
Event: 46.792 GC heap before
{Heap before GC invocations=29 (full 0):
 garbage-first heap   total 133120K, used 104343K [0x000000070a200000, 0x0000000800000000)
  region size 2048K, 13 young (26624K), 1 survivors (2048K)
 Metaspace       used 71256K, committed 71872K, reserved 1114112K
  class space    used 7771K, committed 8064K, reserved 1048576K
}
Event: 46.794 GC heap after
{Heap after GC invocations=30 (full 0):
 garbage-first heap   total 245760K, used 83636K [0x000000070a200000, 0x0000000800000000)
  region size 2048K, 2 young (4096K), 2 survivors (4096K)
 Metaspace       used 71256K, committed 71872K, reserved 1114112K
  class space    used 7771K, committed 8064K, reserved 1048576K
}
Event: 47.268 GC heap before
{Heap before GC invocations=31 (full 0):
 garbage-first heap   total 245760K, used 190132K [0x000000070a200000, 0x0000000800000000)
  region size 2048K, 54 young (110592K), 2 survivors (4096K)
 Metaspace       used 72394K, committed 72960K, reserved 1114112K
  class space    used 7887K, committed 8128K, reserved 1048576K
}
Event: 47.279 GC heap after
{Heap after GC invocations=32 (full 0):
 garbage-first heap   total 245760K, used 89590K [0x000000070a200000, 0x0000000800000000)
  region size 2048K, 5 young (10240K), 5 survivors (10240K)
 Metaspace       used 72394K, committed 72960K, reserved 1114112K
  class space    used 7887K, committed 8128K, reserved 1048576K
}

